<?xml version="1.0" encoding="UTF-8"?>
<!-- Generated by org.testng.reporters.JUnitXMLReporter -->
<testsuite hostname="DESKTOP-UCE1VUJ" ignored="0" name="Test" tests="33" failures="3" timestamp="09 Jan 2023 05:18:22 GMT" time="486.684" errors="0">
  <testcase name="@AfterMethod afterMethod" time="0.219" classname="com.obsqura.scripts.Base">
    <failure type="org.openqa.selenium.NoSuchSessionException" message="invalid session id
Build info: version: &amp;apos;3.141.59&amp;apos;, revision: &amp;apos;e82be7d358&amp;apos;, time: &amp;apos;2018-11-14T08:17:03&amp;apos;
System info: host: &amp;apos;DESKTOP-UCE1VUJ&amp;apos;, ip: &amp;apos;192.168.1.39&amp;apos;, os.name: &amp;apos;Windows 10&amp;apos;, os.arch: &amp;apos;amd64&amp;apos;, os.version: &amp;apos;10.0&amp;apos;, java.version: &amp;apos;1.8.0_261&amp;apos;
Driver info: org.openqa.selenium.chrome.ChromeDriver
Capabilities {acceptInsecureCerts: false, browserName: chrome, browserVersion: 108.0.5359.125, chrome: {chromedriverVersion: 108.0.5359.71 (1e0e3868ee06..., userDataDir: C:\Users\anjun\AppData\Loca...}, goog:chromeOptions: {debuggerAddress: localhost:62464}, javascriptEnabled: true, networkConnectionEnabled: false, pageLoadStrategy: normal, platform: WINDOWS, platformName: WINDOWS, proxy: Proxy(), setWindowRect: true, strictFileInteractability: false, timeouts: {implicit: 0, pageLoad: 300000, script: 30000}, unhandledPromptBehavior: dismiss and notify, webauthn:extension:credBlob: true, webauthn:extension:largeBlob: true, webauthn:virtualAuthenticators: true}
Session ID: 3da6f615a8b0f146ac6b7a640e7e8e2f">
      <![CDATA[org.openqa.selenium.NoSuchSessionException: invalid session id
Build info: version: '3.141.59', revision: 'e82be7d358', time: '2018-11-14T08:17:03'
System info: host: 'DESKTOP-UCE1VUJ', ip: '192.168.1.39', os.name: 'Windows 10', os.arch: 'amd64', os.version: '10.0', java.version: '1.8.0_261'
Driver info: org.openqa.selenium.chrome.ChromeDriver
Capabilities {acceptInsecureCerts: false, browserName: chrome, browserVersion: 108.0.5359.125, chrome: {chromedriverVersion: 108.0.5359.71 (1e0e3868ee06..., userDataDir: C:\Users\anjun\AppData\Loca...}, goog:chromeOptions: {debuggerAddress: localhost:62464}, javascriptEnabled: true, networkConnectionEnabled: false, pageLoadStrategy: normal, platform: WINDOWS, platformName: WINDOWS, proxy: Proxy(), setWindowRect: true, strictFileInteractability: false, timeouts: {implicit: 0, pageLoad: 300000, script: 30000}, unhandledPromptBehavior: dismiss and notify, webauthn:extension:credBlob: true, webauthn:extension:largeBlob: true, webauthn:virtualAuthenticators: true}
Session ID: 3da6f615a8b0f146ac6b7a640e7e8e2f
at org.openqa.selenium.remote.http.W3CHttpResponseCodec.createException(W3CHttpResponseCodec.java:187)
at org.openqa.selenium.remote.http.W3CHttpResponseCodec.decode(W3CHttpResponseCodec.java:122)
at org.openqa.selenium.remote.http.W3CHttpResponseCodec.decode(W3CHttpResponseCodec.java:49)
at org.openqa.selenium.remote.HttpCommandExecutor.execute(HttpCommandExecutor.java:158)
at org.openqa.selenium.remote.service.DriverCommandExecutor.execute(DriverCommandExecutor.java:83)
at org.openqa.selenium.remote.RemoteWebDriver.execute(RemoteWebDriver.java:552)
at org.openqa.selenium.remote.RemoteWebDriver.execute(RemoteWebDriver.java:609)
at org.openqa.selenium.remote.RemoteWebDriver.getScreenshotAs(RemoteWebDriver.java:295)
at com.obsqura.scripts.Base.afterMethod(Base.java:69)
... Removed 32 stack frames]]>
    </failure>
  </testcase> <!-- @AfterMethod afterMethod -->
  <testcase name="@AfterMethod afterMethod" time="0.0" classname="com.obsqura.scripts.Base">
    <skipped/>
  </testcase> <!-- @AfterMethod afterMethod -->
  <testcase name="@AfterMethod afterMethod" time="0.0" classname="com.obsqura.scripts.Base">
    <skipped/>
  </testcase> <!-- @AfterMethod afterMethod -->
  <testcase name="@AfterMethod afterMethod" time="0.0" classname="com.obsqura.scripts.Base">
    <skipped/>
  </testcase> <!-- @AfterMethod afterMethod -->
  <testcase name="@AfterMethod afterMethod" time="0.0" classname="com.obsqura.scripts.Base">
    <skipped/>
  </testcase> <!-- @AfterMethod afterMethod -->
  <testcase name="@AfterMethod afterMethod" time="0.0" classname="com.obsqura.scripts.Base">
    <skipped/>
  </testcase> <!-- @AfterMethod afterMethod -->
  <testcase name="@AfterMethod afterMethod" time="0.0" classname="com.obsqura.scripts.Base">
    <skipped/>
  </testcase> <!-- @AfterMethod afterMethod -->
  <testcase name="@AfterMethod afterMethod" time="0.0" classname="com.obsqura.scripts.Base">
    <skipped/>
  </testcase> <!-- @AfterMethod afterMethod -->
  <testcase name="@AfterMethod afterMethod" time="0.0" classname="com.obsqura.scripts.Base">
    <skipped/>
  </testcase> <!-- @AfterMethod afterMethod -->
  <testcase name="@AfterMethod afterMethod" time="0.0" classname="com.obsqura.scripts.Base">
    <skipped/>
  </testcase> <!-- @AfterMethod afterMethod -->
  <testcase name="@AfterMethod afterMethod" time="0.225" classname="com.obsqura.scripts.Base">
    <failure type="org.openqa.selenium.NoSuchSessionException" message="invalid session id
Build info: version: &amp;apos;3.141.59&amp;apos;, revision: &amp;apos;e82be7d358&amp;apos;, time: &amp;apos;2018-11-14T08:17:03&amp;apos;
System info: host: &amp;apos;DESKTOP-UCE1VUJ&amp;apos;, ip: &amp;apos;192.168.1.39&amp;apos;, os.name: &amp;apos;Windows 10&amp;apos;, os.arch: &amp;apos;amd64&amp;apos;, os.version: &amp;apos;10.0&amp;apos;, java.version: &amp;apos;1.8.0_261&amp;apos;
Driver info: org.openqa.selenium.chrome.ChromeDriver
Capabilities {acceptInsecureCerts: false, browserName: chrome, browserVersion: 108.0.5359.125, chrome: {chromedriverVersion: 108.0.5359.71 (1e0e3868ee06..., userDataDir: C:\Users\anjun\AppData\Loca...}, goog:chromeOptions: {debuggerAddress: localhost:62957}, javascriptEnabled: true, networkConnectionEnabled: false, pageLoadStrategy: normal, platform: WINDOWS, platformName: WINDOWS, proxy: Proxy(), setWindowRect: true, strictFileInteractability: false, timeouts: {implicit: 0, pageLoad: 300000, script: 30000}, unhandledPromptBehavior: dismiss and notify, webauthn:extension:credBlob: true, webauthn:extension:largeBlob: true, webauthn:virtualAuthenticators: true}
Session ID: 575ae2be4c24b9e022c18c6fba661a50">
      <![CDATA[org.openqa.selenium.NoSuchSessionException: invalid session id
Build info: version: '3.141.59', revision: 'e82be7d358', time: '2018-11-14T08:17:03'
System info: host: 'DESKTOP-UCE1VUJ', ip: '192.168.1.39', os.name: 'Windows 10', os.arch: 'amd64', os.version: '10.0', java.version: '1.8.0_261'
Driver info: org.openqa.selenium.chrome.ChromeDriver
Capabilities {acceptInsecureCerts: false, browserName: chrome, browserVersion: 108.0.5359.125, chrome: {chromedriverVersion: 108.0.5359.71 (1e0e3868ee06..., userDataDir: C:\Users\anjun\AppData\Loca...}, goog:chromeOptions: {debuggerAddress: localhost:62957}, javascriptEnabled: true, networkConnectionEnabled: false, pageLoadStrategy: normal, platform: WINDOWS, platformName: WINDOWS, proxy: Proxy(), setWindowRect: true, strictFileInteractability: false, timeouts: {implicit: 0, pageLoad: 300000, script: 30000}, unhandledPromptBehavior: dismiss and notify, webauthn:extension:credBlob: true, webauthn:extension:largeBlob: true, webauthn:virtualAuthenticators: true}
Session ID: 575ae2be4c24b9e022c18c6fba661a50
at org.openqa.selenium.remote.http.W3CHttpResponseCodec.createException(W3CHttpResponseCodec.java:187)
at org.openqa.selenium.remote.http.W3CHttpResponseCodec.decode(W3CHttpResponseCodec.java:122)
at org.openqa.selenium.remote.http.W3CHttpResponseCodec.decode(W3CHttpResponseCodec.java:49)
at org.openqa.selenium.remote.HttpCommandExecutor.execute(HttpCommandExecutor.java:158)
at org.openqa.selenium.remote.service.DriverCommandExecutor.execute(DriverCommandExecutor.java:83)
at org.openqa.selenium.remote.RemoteWebDriver.execute(RemoteWebDriver.java:552)
at org.openqa.selenium.remote.RemoteWebDriver.execute(RemoteWebDriver.java:609)
at org.openqa.selenium.remote.RemoteWebDriver.getScreenshotAs(RemoteWebDriver.java:295)
at com.obsqura.scripts.Base.afterMethod(Base.java:69)
... Removed 32 stack frames]]>
    </failure>
  </testcase> <!-- @AfterMethod afterMethod -->
  <testcase name="@AfterMethod afterMethod" time="0.0" classname="com.obsqura.scripts.Base">
    <skipped/>
  </testcase> <!-- @AfterMethod afterMethod -->
  <testcase name="@AfterMethod afterMethod" time="0.0" classname="com.obsqura.scripts.Base">
    <skipped/>
  </testcase> <!-- @AfterMethod afterMethod -->
  <testcase name="@AfterMethod afterMethod" time="0.0" classname="com.obsqura.scripts.Base">
    <skipped/>
  </testcase> <!-- @AfterMethod afterMethod -->
  <testcase name="@AfterMethod afterMethod" time="0.0" classname="com.obsqura.scripts.Base">
    <skipped/>
  </testcase> <!-- @AfterMethod afterMethod -->
  <testcase name="@AfterMethod afterMethod" time="0.0" classname="com.obsqura.scripts.Base">
    <skipped/>
  </testcase> <!-- @AfterMethod afterMethod -->
  <testcase name="verifyInValidLogin" time="1.723" classname="com.obsqura.scripts.LoginTest"/>
  <testcase name="verifyInValidLogin" time="1.342" classname="com.obsqura.scripts.LoginTest"/>
  <testcase name="verifyInValidLogin" time="1.582" classname="com.obsqura.scripts.LoginTest"/>
  <testcase name="verifyValidLogin" time="0.0" classname="com.obsqura.scripts.LoginTest">
    <failure type="org.testng.TestNGException" message="
Cannot inject @Test annotated Method [verifyValidLogin] with [class java.lang.String, class java.lang.String].
For more information on native dependency injection please refer to http://testng.org/doc/documentation-main.html#native-dependency-injection">
      <![CDATA[org.testng.TestNGException: 
Cannot inject @Test annotated Method [verifyValidLogin] with [class java.lang.String, class java.lang.String].
For more information on native dependency injection please refer to http://testng.org/doc/documentation-main.html#native-dependency-injection
... Removed 24 stack frames]]>
    </failure>
  </testcase> <!-- verifyValidLogin -->
  <testcase name="verifyUserAbleToDeleteReparationDetails" time="18.841" classname="com.obsqura.scripts.ReparationTest">
    <failure type="org.openqa.selenium.NoSuchElementException" message="no such element: Unable to locate element: {&amp;quot;method&amp;quot;:&amp;quot;xpath&amp;quot;,&amp;quot;selector&amp;quot;:&amp;quot;//*[@id=&amp;quot;35&amp;quot;]/td[16]/div/div/button&amp;quot;}
  (Session info: chrome=108.0.5359.125)
For documentation on this error, please visit: https://www.seleniumhq.org/exceptions/no_such_element.html
Build info: version: &amp;apos;3.141.59&amp;apos;, revision: &amp;apos;e82be7d358&amp;apos;, time: &amp;apos;2018-11-14T08:17:03&amp;apos;
System info: host: &amp;apos;DESKTOP-UCE1VUJ&amp;apos;, ip: &amp;apos;192.168.1.39&amp;apos;, os.name: &amp;apos;Windows 10&amp;apos;, os.arch: &amp;apos;amd64&amp;apos;, os.version: &amp;apos;10.0&amp;apos;, java.version: &amp;apos;1.8.0_261&amp;apos;
Driver info: org.openqa.selenium.chrome.ChromeDriver
Capabilities {acceptInsecureCerts: false, browserName: chrome, browserVersion: 108.0.5359.125, chrome: {chromedriverVersion: 108.0.5359.71 (1e0e3868ee06..., userDataDir: C:\Users\anjun\AppData\Loca...}, goog:chromeOptions: {debuggerAddress: localhost:62464}, javascriptEnabled: true, networkConnectionEnabled: false, pageLoadStrategy: normal, platform: WINDOWS, platformName: WINDOWS, proxy: Proxy(), setWindowRect: true, strictFileInteractability: false, timeouts: {implicit: 0, pageLoad: 300000, script: 30000}, unhandledPromptBehavior: dismiss and notify, webauthn:extension:credBlob: true, webauthn:extension:largeBlob: true, webauthn:virtualAuthenticators: true}
Session ID: 3da6f615a8b0f146ac6b7a640e7e8e2f
*** Element info: {Using=xpath, value=//*[@id=&amp;quot;35&amp;quot;]/td[16]/div/div/button}">
      <![CDATA[org.openqa.selenium.NoSuchElementException: no such element: Unable to locate element: {"method":"xpath","selector":"//*[@id="35"]/td[16]/div/div/button"}
  (Session info: chrome=108.0.5359.125)
For documentation on this error, please visit: https://www.seleniumhq.org/exceptions/no_such_element.html
Build info: version: '3.141.59', revision: 'e82be7d358', time: '2018-11-14T08:17:03'
System info: host: 'DESKTOP-UCE1VUJ', ip: '192.168.1.39', os.name: 'Windows 10', os.arch: 'amd64', os.version: '10.0', java.version: '1.8.0_261'
Driver info: org.openqa.selenium.chrome.ChromeDriver
Capabilities {acceptInsecureCerts: false, browserName: chrome, browserVersion: 108.0.5359.125, chrome: {chromedriverVersion: 108.0.5359.71 (1e0e3868ee06..., userDataDir: C:\Users\anjun\AppData\Loca...}, goog:chromeOptions: {debuggerAddress: localhost:62464}, javascriptEnabled: true, networkConnectionEnabled: false, pageLoadStrategy: normal, platform: WINDOWS, platformName: WINDOWS, proxy: Proxy(), setWindowRect: true, strictFileInteractability: false, timeouts: {implicit: 0, pageLoad: 300000, script: 30000}, unhandledPromptBehavior: dismiss and notify, webauthn:extension:credBlob: true, webauthn:extension:largeBlob: true, webauthn:virtualAuthenticators: true}
Session ID: 3da6f615a8b0f146ac6b7a640e7e8e2f
*** Element info: {Using=xpath, value=//*[@id="35"]/td[16]/div/div/button}
at org.openqa.selenium.remote.http.W3CHttpResponseCodec.createException(W3CHttpResponseCodec.java:187)
at org.openqa.selenium.remote.http.W3CHttpResponseCodec.decode(W3CHttpResponseCodec.java:122)
at org.openqa.selenium.remote.http.W3CHttpResponseCodec.decode(W3CHttpResponseCodec.java:49)
at org.openqa.selenium.remote.HttpCommandExecutor.execute(HttpCommandExecutor.java:158)
at org.openqa.selenium.remote.service.DriverCommandExecutor.execute(DriverCommandExecutor.java:83)
at org.openqa.selenium.remote.RemoteWebDriver.execute(RemoteWebDriver.java:552)
at org.openqa.selenium.remote.RemoteWebDriver.findElement(RemoteWebDriver.java:323)
at org.openqa.selenium.remote.RemoteWebDriver.findElementByXPath(RemoteWebDriver.java:428)
at org.openqa.selenium.By$ByXPath.findElement(By.java:353)
at org.openqa.selenium.remote.RemoteWebDriver.findElement(RemoteWebDriver.java:315)
at org.openqa.selenium.support.pagefactory.DefaultElementLocator.findElement(DefaultElementLocator.java:69)
at org.openqa.selenium.support.pagefactory.internal.LocatingElementHandler.invoke(LocatingElementHandler.java:38)
at com.sun.proxy.$Proxy15.click(Unknown Source)
at com.obsqura.pages.ReparationPage.clickOnActioButtonForDeleteCClientReparationDetails(ReparationPage.java:425)
at com.obsqura.scripts.ReparationTest.verifyUserAbleToDeleteReparationDetails(ReparationTest.java:125)
... Removed 29 stack frames]]>
    </failure>
  </testcase> <!-- verifyUserAbleToDeleteReparationDetails -->
  <testcase name="verifyUserAbleToPrintBarcode" time="0.0" classname="com.obsqura.scripts.ReparationTest">
    <skipped/>
  </testcase> <!-- verifyUserAbleToPrintBarcode -->
  <testcase name="verifyUserAbleToSearchCompletedRepairsList" time="0.0" classname="com.obsqura.scripts.ReparationTest">
    <skipped/>
  </testcase> <!-- verifyUserAbleToSearchCompletedRepairsList -->
  <testcase name="verifyUserAbleToSearchPendingRepairsList" time="0.0" classname="com.obsqura.scripts.ReparationTest">
    <skipped/>
  </testcase> <!-- verifyUserAbleToSearchPendingRepairsList -->
  <testcase name="verifyUserAbleToSearchTheReparationDetails" time="0.0" classname="com.obsqura.scripts.ReparationTest">
    <skipped/>
  </testcase> <!-- verifyUserAbleToSearchTheReparationDetails -->
  <testcase name="verifyUserAbleToSendEmailInvoice" time="0.0" classname="com.obsqura.scripts.ReparationTest">
    <skipped/>
  </testcase> <!-- verifyUserAbleToSendEmailInvoice -->
  <testcase name="verifyUserAbleToViewLogDetails" time="0.0" classname="com.obsqura.scripts.ReparationTest">
    <skipped/>
  </testcase> <!-- verifyUserAbleToViewLogDetails -->
  <testcase name="verifyUserAbleToViewPayMentDetails" time="0.0" classname="com.obsqura.scripts.ReparationTest">
    <skipped/>
  </testcase> <!-- verifyUserAbleToViewPayMentDetails -->
  <testcase name="verifyUserAbleToViewReparationDetails" time="0.0" classname="com.obsqura.scripts.ReparationTest">
    <skipped/>
  </testcase> <!-- verifyUserAbleToViewReparationDetails -->
  <testcase name="verifyUserAbleToeditReparationDetails" time="0.0" classname="com.obsqura.scripts.ReparationTest">
    <skipped/>
  </testcase> <!-- verifyUserAbleToeditReparationDetails -->
  <testcase name="verifyAdimNotAbleToSendInvalidQuickEmail" time="3.218" classname="com.obsqura.scripts.HomeTest"/>
  <testcase name="verifyAdminAbleToSendQuickSMS" time="3.159" classname="com.obsqura.scripts.HomeTest"/>
  <testcase name="verifyAdminNotAbleToSendQuickSMS" time="2.93" classname="com.obsqura.scripts.HomeTest"/>
  <testcase name="verifyHomeLogout" time="4.02" classname="com.obsqura.scripts.HomeTest"/>
  <testcase name="verifyUserAbleToAddClientDetails" time="13.078" classname="com.obsqura.scripts.ClientTest"/>
  <testcase name="verifyUserAbleToCheckClientRepairsDetailsContainsNoData" time="21.469" classname="com.obsqura.scripts.ClientTest"/>
  <testcase name="verifyUserAbleToDoValidClientSearch" time="6.308" classname="com.obsqura.scripts.ClientTest">
    <failure type="org.openqa.selenium.NoSuchElementException" message="no such element: Unable to locate element: {&amp;quot;method&amp;quot;:&amp;quot;xpath&amp;quot;,&amp;quot;selector&amp;quot;:&amp;quot;//table[@id=&amp;apos;dynamic-table&amp;apos;]//tr[1]//td[2]&amp;quot;}
  (Session info: chrome=108.0.5359.125)
For documentation on this error, please visit: https://www.seleniumhq.org/exceptions/no_such_element.html
Build info: version: &amp;apos;3.141.59&amp;apos;, revision: &amp;apos;e82be7d358&amp;apos;, time: &amp;apos;2018-11-14T08:17:03&amp;apos;
System info: host: &amp;apos;DESKTOP-UCE1VUJ&amp;apos;, ip: &amp;apos;192.168.1.39&amp;apos;, os.name: &amp;apos;Windows 10&amp;apos;, os.arch: &amp;apos;amd64&amp;apos;, os.version: &amp;apos;10.0&amp;apos;, java.version: &amp;apos;1.8.0_261&amp;apos;
Driver info: org.openqa.selenium.chrome.ChromeDriver
Capabilities {acceptInsecureCerts: false, browserName: chrome, browserVersion: 108.0.5359.125, chrome: {chromedriverVersion: 108.0.5359.71 (1e0e3868ee06..., userDataDir: C:\Users\anjun\AppData\Loca...}, goog:chromeOptions: {debuggerAddress: localhost:62957}, javascriptEnabled: true, networkConnectionEnabled: false, pageLoadStrategy: normal, platform: WINDOWS, platformName: WINDOWS, proxy: Proxy(), setWindowRect: true, strictFileInteractability: false, timeouts: {implicit: 0, pageLoad: 300000, script: 30000}, unhandledPromptBehavior: dismiss and notify, webauthn:extension:credBlob: true, webauthn:extension:largeBlob: true, webauthn:virtualAuthenticators: true}
Session ID: 575ae2be4c24b9e022c18c6fba661a50
*** Element info: {Using=xpath, value=//table[@id=&amp;apos;dynamic-table&amp;apos;]//tr[1]//td[2]}">
      <![CDATA[org.openqa.selenium.NoSuchElementException: no such element: Unable to locate element: {"method":"xpath","selector":"//table[@id='dynamic-table']//tr[1]//td[2]"}
  (Session info: chrome=108.0.5359.125)
For documentation on this error, please visit: https://www.seleniumhq.org/exceptions/no_such_element.html
Build info: version: '3.141.59', revision: 'e82be7d358', time: '2018-11-14T08:17:03'
System info: host: 'DESKTOP-UCE1VUJ', ip: '192.168.1.39', os.name: 'Windows 10', os.arch: 'amd64', os.version: '10.0', java.version: '1.8.0_261'
Driver info: org.openqa.selenium.chrome.ChromeDriver
Capabilities {acceptInsecureCerts: false, browserName: chrome, browserVersion: 108.0.5359.125, chrome: {chromedriverVersion: 108.0.5359.71 (1e0e3868ee06..., userDataDir: C:\Users\anjun\AppData\Loca...}, goog:chromeOptions: {debuggerAddress: localhost:62957}, javascriptEnabled: true, networkConnectionEnabled: false, pageLoadStrategy: normal, platform: WINDOWS, platformName: WINDOWS, proxy: Proxy(), setWindowRect: true, strictFileInteractability: false, timeouts: {implicit: 0, pageLoad: 300000, script: 30000}, unhandledPromptBehavior: dismiss and notify, webauthn:extension:credBlob: true, webauthn:extension:largeBlob: true, webauthn:virtualAuthenticators: true}
Session ID: 575ae2be4c24b9e022c18c6fba661a50
*** Element info: {Using=xpath, value=//table[@id='dynamic-table']//tr[1]//td[2]}
at org.openqa.selenium.remote.http.W3CHttpResponseCodec.createException(W3CHttpResponseCodec.java:187)
at org.openqa.selenium.remote.http.W3CHttpResponseCodec.decode(W3CHttpResponseCodec.java:122)
at org.openqa.selenium.remote.http.W3CHttpResponseCodec.decode(W3CHttpResponseCodec.java:49)
at org.openqa.selenium.remote.HttpCommandExecutor.execute(HttpCommandExecutor.java:158)
at org.openqa.selenium.remote.service.DriverCommandExecutor.execute(DriverCommandExecutor.java:83)
at org.openqa.selenium.remote.RemoteWebDriver.execute(RemoteWebDriver.java:552)
at org.openqa.selenium.remote.RemoteWebDriver.findElement(RemoteWebDriver.java:323)
at org.openqa.selenium.remote.RemoteWebDriver.findElementByXPath(RemoteWebDriver.java:428)
at org.openqa.selenium.By$ByXPath.findElement(By.java:353)
at org.openqa.selenium.remote.RemoteWebDriver.findElement(RemoteWebDriver.java:315)
at org.openqa.selenium.support.pagefactory.DefaultElementLocator.findElement(DefaultElementLocator.java:69)
at org.openqa.selenium.support.pagefactory.internal.LocatingElementHandler.invoke(LocatingElementHandler.java:38)
at com.sun.proxy.$Proxy15.getWrappedElement(Unknown Source)
at org.openqa.selenium.remote.internal.WebElementToJsonConverter.apply(WebElementToJsonConverter.java:50)
at java.util.stream.ReferencePipeline$3$1.accept(ReferencePipeline.java:193)
at java.util.Spliterators$ArraySpliterator.forEachRemaining(Spliterators.java:948)
at java.util.stream.AbstractPipeline.copyInto(AbstractPipeline.java:482)
at java.util.stream.AbstractPipeline.wrapAndCopyInto(AbstractPipeline.java:472)
at java.util.stream.ReduceOps$ReduceOp.evaluateSequential(ReduceOps.java:708)
at java.util.stream.AbstractPipeline.evaluate(AbstractPipeline.java:234)
at java.util.stream.ReferencePipeline.collect(ReferencePipeline.java:499)
at org.openqa.selenium.remote.RemoteWebDriver.executeScript(RemoteWebDriver.java:484)
at com.obsqura.utilities.WaitUtility.javaScriptClick(WaitUtility.java:37)
at com.obsqura.pages.SearchClientPage.clickSearchUsingName(SearchClientPage.java:25)
at com.obsqura.scripts.ClientTest.verifyUserAbleToDoValidClientSearch(ClientTest.java:50)
... Removed 29 stack frames]]>
    </failure>
  </testcase> <!-- verifyUserAbleToDoValidClientSearch -->
  <testcase name="verifyUserAbleToGetErrorMessageForUnuploadedImageClickOnViewClientImage" time="0.0" classname="com.obsqura.scripts.ClientTest">
    <skipped/>
  </testcase> <!-- verifyUserAbleToGetErrorMessageForUnuploadedImageClickOnViewClientImage -->
  <testcase name="verifyUserAbleToViewClientImageClickOnViewImage" time="0.0" classname="com.obsqura.scripts.ClientTest">
    <skipped/>
  </testcase> <!-- verifyUserAbleToViewClientImageClickOnViewImage -->
  <testcase name="verifyUserAbletoDeleteClient" time="0.0" classname="com.obsqura.scripts.ClientTest">
    <skipped/>
  </testcase> <!-- verifyUserAbletoDeleteClient -->
  <testcase name="verifyUserAbletoEditClientDetails" time="0.0" classname="com.obsqura.scripts.ClientTest">
    <skipped/>
  </testcase> <!-- verifyUserAbletoEditClientDetails -->
  <testcase name="verifyUserAbletoViewClientDetails" time="0.0" classname="com.obsqura.scripts.ClientTest">
    <skipped/>
  </testcase> <!-- verifyUserAbletoViewClientDetails -->
  <testcase name="verifyUserAbleToDeleteIventoryProduct" time="24.819" classname="com.obsqura.scripts.InventoryTest"/>
  <testcase name="verifyUserAbleToEditInventoryProducts" time="20.004" classname="com.obsqura.scripts.InventoryTest"/>
  <testcase name="verifyUserAbleToGetErrorMsgNoProductAddedToPrintBarcodeList" time="23.197" classname="com.obsqura.scripts.InventoryTest"/>
  <testcase name="verifyUserAbleToSearchInventoryProducts" time="14.235" classname="com.obsqura.scripts.InventoryTest"/>
  <testcase name="verifyUserAbleToaddInventoryProductsBarcodePrintingList" time="18.085" classname="com.obsqura.scripts.InventoryTest"/>
  <testcase name="verifyForgotPassword" time="1.997" classname="com.obsqura.scripts.LoginTest"/>
  <testcase name="verifyAdminAbleToSendQuickEmail" time="9.917" classname="com.obsqura.scripts.HomeTest"/>
</testsuite> <!-- Test -->
